<?xml version="1.0" encoding="UTF-8"?>
<!-- Generated by org.testng.reporters.JUnitXMLReporter -->
<testsuite ignored="4" hostname="DESKTOP-81AQJ9C" failures="1" tests="9" name="Surefire test" time="14.164" errors="0" timestamp="2025-04-22T11:35:22 CEST">
  <testcase classname="test.authentificationTest" name="loginTest" time="0.481"/>
  <testcase classname="test.authentificationTest" name="loginTest" time="0.378"/>
  <testcase classname="test.authentificationTest" name="loginTest" time="0.381"/>
  <testcase classname="test.authentificationTest" name="loginTest" time="0.208">
    <failure type="java.lang.AssertionError" message="⚠️ Cas non géré : INVALIDE">
      <![CDATA[java.lang.AssertionError: ⚠️ Cas non géré : INVALIDE
at test.authentificationTest.loginTest(authentificationTest.java:104)
at java.base/java.util.ArrayList.forEach(ArrayList.java:1597)
... Removed 31 stack frames]]>
    </failure>
  </testcase> <!-- loginTest -->
  <testcase classname="test.authentificationTest" name="quit" time="0.115"/>
  <testcase classname="test.sauceDemoTest" name="sauceDemoLogin" time="0.454"/>
  <testcase classname="test.sauceDemoTest" name="sauceDemosearch" time="0.276"/>
  <testcase classname="test.sauceDemoTest" name="sauceDemoAddProduct" time="0.836"/>
  <testcase classname="test.sauceDemoTest" name="sauceDemoLogout" time="0.854"/>
  <testcase classname="test.baseTest" name="@BeforeSuite SetUpReporter" time="0.0">
    <ignored/>
  </testcase> <!-- @BeforeSuite SetUpReporter -->
  <testcase classname="test.baseTest" name="@BeforeSuite SetUpReporter" time="0.0">
    <ignored/>
  </testcase> <!-- @BeforeSuite SetUpReporter -->
  <testcase classname="test.baseTest" name="@AfterSuite fermetureReporter" time="0.0">
    <ignored/>
  </testcase> <!-- @AfterSuite fermetureReporter -->
  <testcase classname="test.baseTest" name="@AfterSuite fermetureReporter" time="0.0">
    <ignored/>
  </testcase> <!-- @AfterSuite fermetureReporter -->
</testsuite> <!-- Surefire test -->
