<?xml version="1.0" encoding="UTF-8"?>
<!-- Generated by org.testng.reporters.JUnitXMLReporter -->
<testsuite ignored="0" hostname="DESKTOP-81AQJ9C" failures="0" tests="4" name="SauceDemo Tests" time="8.432" errors="0" timestamp="2025-04-16T16:21:49 CEST">
  <testcase classname="test.sauceDemoTest" name="sauceDemoLogin" time="0.31"/>
  <testcase classname="test.sauceDemoTest" name="sauceDemosearch" time="0.148"/>
  <testcase classname="test.sauceDemoTest" name="sauceDemoAddProduct" time="0.819"/>
  <testcase classname="test.sauceDemoTest" name="sauceDemoLogout" time="0.698"/>
</testsuite> <!-- SauceDemo Tests -->
