<?xml version="1.0" encoding="UTF-8"?>
<!-- Generated by org.testng.reporters.JUnitXMLReporter -->
<testsuite ignored="0" hostname="DESKTOP-81AQJ9C" failures="0" tests="4" name="SauceDemoTests" time="4.062" errors="0" timestamp="2025-04-15T16:27:57 CEST">
  <testcase classname="test.sauceDemoTest" name="sauceDemoLogin" time="0.282"/>
  <testcase classname="test.sauceDemoTest" name="sauceDemosearch" time="0.12"/>
  <testcase classname="test.sauceDemoTest" name="sauceDemoAddProduct" time="0.612"/>
  <testcase classname="test.sauceDemoTest" name="sauceDemoLogout" time="0.678"/>
</testsuite> <!-- SauceDemoTests -->
