<?xml version="1.0" encoding="UTF-8"?>
<!-- Generated by org.testng.reporters.JUnitXMLReporter -->
<testsuite ignored="0" hostname="DESKTOP-81AQJ9C" failures="0" tests="4" name="TestsLoginSearchCommandeLogout" time="4.994" errors="0" timestamp="2025-04-15T16:05:31 CEST">
  <testcase classname="test.sauceDemoTest" name="sauceDemoLogin" time="0.294"/>
  <testcase classname="test.sauceDemoTest" name="sauceDemosearch" time="0.122"/>
  <testcase classname="test.sauceDemoTest" name="sauceDemoAddProduct" time="0.653"/>
  <testcase classname="test.sauceDemoTest" name="sauceDemoLogout" time="0.681"/>
</testsuite> <!-- TestsLoginSearchCommandeLogout -->
