<?xml version="1.0" encoding="UTF-8"?>
<!-- Generated by org.testng.reporters.JUnitXMLReporter -->
<testsuite ignored="2" hostname="DESKTOP-81AQJ9C" failures="2" tests="2" name="Login and Search Tests" time="0.057" errors="0" timestamp="2025-04-16T16:42:02 CEST">
  <testcase classname="test.sauceDemoTest" name="sauceDemoLogin" time="0.018">
    <failure type="java.lang.NullPointerException" message="Cannot invoke &amp;quot;utils.Config.getUsername()&amp;quot; because &amp;quot;this.config&amp;quot; is null">
      <![CDATA[java.lang.NullPointerException: Cannot invoke "utils.Config.getUsername()" because "this.config" is null
at test.sauceDemoTest.sauceDemoLogin(sauceDemoTest.java:86)
at java.base/java.util.ArrayList.forEach(ArrayList.java:1597)
... Removed 25 stack frames]]>
    </failure>
  </testcase> <!-- sauceDemoLogin -->
  <testcase classname="test.sauceDemoTest" name="sauceDemosearch" time="0.003">
    <failure type="java.lang.NullPointerException" message="Cannot invoke &amp;quot;pages.searchPage.searchBox()&amp;quot; because &amp;quot;this.search&amp;quot; is null">
      <![CDATA[java.lang.NullPointerException: Cannot invoke "pages.searchPage.searchBox()" because "this.search" is null
at test.sauceDemoTest.sauceDemosearch(sauceDemoTest.java:101)
at java.base/java.util.ArrayList.forEach(ArrayList.java:1597)
... Removed 25 stack frames]]>
    </failure>
  </testcase> <!-- sauceDemosearch -->
  <testcase classname="test.sauceDemoTest" name="sauceDemoLogout" time="0.0">
    <ignored/>
  </testcase> <!-- sauceDemoLogout -->
  <testcase classname="test.sauceDemoTest" name="sauceDemoAddProduct" time="0.0">
    <ignored/>
  </testcase> <!-- sauceDemoAddProduct -->
</testsuite> <!-- Login and Search Tests -->
