<?xml version="1.0" encoding="UTF-8"?>
<testng-results ignored="0" total="5" passed="4" failed="1" skipped="0">
  <reporter-output>
  </reporter-output>
  <suite started-at="2025-04-22T12:29:34 CEST" name="Default suite" finished-at="2025-04-22T12:29:45 CEST" duration-ms="10204">
    <groups>
    </groups>
    <test started-at="2025-04-22T12:29:34 CEST" name="Default test" finished-at="2025-04-22T12:29:45 CEST" duration-ms="10204">
      <class name="test.authentificationTest">
        <test-method is-config="true" signature="SetUpReporter()[pri:0, instance:test.authentificationTest@76a2ddf3]" started-at="2025-04-22T12:29:34 CEST" name="SetUpReporter" finished-at="2025-04-22T12:29:34 CEST" duration-ms="138" status="PASS">
          <reporter-output>
          </reporter-output>
        </test-method> <!-- SetUpReporter -->
        <test-method is-config="true" signature="setUp()[pri:0, instance:test.authentificationTest@76a2ddf3]" started-at="2025-04-22T12:29:34 CEST" name="setUp" finished-at="2025-04-22T12:29:37 CEST" duration-ms="2291" status="PASS">
          <reporter-output>
          </reporter-output>
        </test-method> <!-- setUp -->
        <test-method signature="loginTest(utils.user)[pri:0, instance:test.authentificationTest@76a2ddf3]" started-at="2025-04-22T12:29:37 CEST" name="loginTest" data-provider="Datausers" finished-at="2025-04-22T12:29:37 CEST" duration-ms="502" status="PASS">
          <params>
            <param index="0">
              <value>
                <![CDATA[utils.user@566e142]]>
              </value>
            </param>
          </params>
          <reporter-output>
          </reporter-output>
        </test-method> <!-- loginTest -->
        <test-method is-config="true" signature="quit()[pri:0, instance:test.authentificationTest@76a2ddf3]" started-at="2025-04-22T12:29:37 CEST" name="quit" finished-at="2025-04-22T12:29:37 CEST" duration-ms="147" status="PASS">
          <reporter-output>
          </reporter-output>
        </test-method> <!-- quit -->
        <test-method is-config="true" signature="setUp()[pri:0, instance:test.authentificationTest@76a2ddf3]" started-at="2025-04-22T12:29:38 CEST" name="setUp" finished-at="2025-04-22T12:29:39 CEST" duration-ms="1356" status="PASS">
          <reporter-output>
          </reporter-output>
        </test-method> <!-- setUp -->
        <test-method signature="loginTest(utils.user)[pri:0, instance:test.authentificationTest@76a2ddf3]" started-at="2025-04-22T12:29:39 CEST" name="loginTest" data-provider="Datausers" finished-at="2025-04-22T12:29:39 CEST" duration-ms="387" status="PASS">
          <params>
            <param index="0">
              <value>
                <![CDATA[utils.user@3fdcde7a]]>
              </value>
            </param>
          </params>
          <reporter-output>
          </reporter-output>
        </test-method> <!-- loginTest -->
        <test-method is-config="true" signature="quit()[pri:0, instance:test.authentificationTest@76a2ddf3]" started-at="2025-04-22T12:29:39 CEST" name="quit" finished-at="2025-04-22T12:29:39 CEST" duration-ms="185" status="PASS">
          <reporter-output>
          </reporter-output>
        </test-method> <!-- quit -->
        <test-method is-config="true" signature="setUp()[pri:0, instance:test.authentificationTest@76a2ddf3]" started-at="2025-04-22T12:29:39 CEST" name="setUp" finished-at="2025-04-22T12:29:41 CEST" duration-ms="1312" status="PASS">
          <reporter-output>
          </reporter-output>
        </test-method> <!-- setUp -->
        <test-method signature="loginTest(utils.user)[pri:0, instance:test.authentificationTest@76a2ddf3]" started-at="2025-04-22T12:29:41 CEST" name="loginTest" data-provider="Datausers" finished-at="2025-04-22T12:29:41 CEST" duration-ms="381" status="PASS">
          <params>
            <param index="0">
              <value>
                <![CDATA[utils.user@72ecbcb3]]>
              </value>
            </param>
          </params>
          <reporter-output>
          </reporter-output>
        </test-method> <!-- loginTest -->
        <test-method is-config="true" signature="quit()[pri:0, instance:test.authentificationTest@76a2ddf3]" started-at="2025-04-22T12:29:41 CEST" name="quit" finished-at="2025-04-22T12:29:41 CEST" duration-ms="119" status="PASS">
          <reporter-output>
          </reporter-output>
        </test-method> <!-- quit -->
        <test-method is-config="true" signature="setUp()[pri:0, instance:test.authentificationTest@76a2ddf3]" started-at="2025-04-22T12:29:41 CEST" name="setUp" finished-at="2025-04-22T12:29:43 CEST" duration-ms="1353" status="PASS">
          <reporter-output>
          </reporter-output>
        </test-method> <!-- setUp -->
        <test-method signature="loginTest(utils.user)[pri:0, instance:test.authentificationTest@76a2ddf3]" started-at="2025-04-22T12:29:43 CEST" name="loginTest" data-provider="Datausers" finished-at="2025-04-22T12:29:43 CEST" duration-ms="217" status="FAIL">
          <params>
            <param index="0">
              <value>
                <![CDATA[utils.user@29bbc391]]>
              </value>
            </param>
          </params>
          <exception class="java.lang.AssertionError">
            <message>
              <![CDATA[⚠️ Cas non géré : INVALIDE]]>
            </message>
            <full-stacktrace>
              <![CDATA[java.lang.AssertionError: ⚠️ Cas non géré : INVALIDE
at org.testng.Assert.fail(Assert.java:99)
at test.authentificationTest.loginTest(authentificationTest.java:111)
at java.base/jdk.internal.reflect.DirectMethodHandleAccessor.invoke(DirectMethodHandleAccessor.java:103)
at java.base/java.lang.reflect.Method.invoke(Method.java:580)
at org.testng.internal.MethodInvocationHelper.invokeMethod(MethodInvocationHelper.java:133)
at org.testng.internal.TestInvoker.invokeMethod(TestInvoker.java:598)
at org.testng.internal.TestInvoker.invokeTestMethod(TestInvoker.java:173)
at org.testng.internal.MethodRunner.runInSequence(MethodRunner.java:46)
at org.testng.internal.TestInvoker$MethodInvocationAgent.invoke(TestInvoker.java:824)
at org.testng.internal.TestInvoker.invokeTestMethods(TestInvoker.java:146)
at org.testng.internal.TestMethodWorker.invokeTestMethods(TestMethodWorker.java:146)
at org.testng.internal.TestMethodWorker.run(TestMethodWorker.java:128)
at java.base/java.util.ArrayList.forEach(ArrayList.java:1597)
at org.testng.TestRunner.privateRun(TestRunner.java:794)
at org.testng.TestRunner.run(TestRunner.java:596)
at org.testng.SuiteRunner.runTest(SuiteRunner.java:377)
at org.testng.SuiteRunner.runSequentially(SuiteRunner.java:371)
at org.testng.SuiteRunner.privateRun(SuiteRunner.java:332)
at org.testng.SuiteRunner.run(SuiteRunner.java:276)
at org.testng.SuiteRunnerWorker.runSuite(SuiteRunnerWorker.java:53)
at org.testng.SuiteRunnerWorker.run(SuiteRunnerWorker.java:96)
at org.testng.TestNG.runSuitesSequentially(TestNG.java:1212)
at org.testng.TestNG.runSuitesLocally(TestNG.java:1134)
at org.testng.TestNG.runSuites(TestNG.java:1063)
at org.testng.TestNG.run(TestNG.java:1031)
at org.testng.remote.AbstractRemoteTestNG.run(AbstractRemoteTestNG.java:115)
at org.testng.remote.RemoteTestNG.initAndRun(RemoteTestNG.java:293)
at org.testng.remote.RemoteTestNG.main(RemoteTestNG.java:91)
]]>
            </full-stacktrace>
          </exception> <!-- java.lang.AssertionError -->
          <reporter-output>
          </reporter-output>
        </test-method> <!-- loginTest -->
        <test-method is-config="true" signature="quit()[pri:0, instance:test.authentificationTest@76a2ddf3]" started-at="2025-04-22T12:29:43 CEST" name="quit" finished-at="2025-04-22T12:29:43 CEST" duration-ms="121" status="PASS">
          <reporter-output>
          </reporter-output>
        </test-method> <!-- quit -->
        <test-method is-config="true" signature="setUp()[pri:0, instance:test.authentificationTest@76a2ddf3]" started-at="2025-04-22T12:29:43 CEST" name="setUp" finished-at="2025-04-22T12:29:44 CEST" duration-ms="1413" status="PASS">
          <reporter-output>
          </reporter-output>
        </test-method> <!-- setUp -->
        <test-method signature="quit()[pri:0, instance:test.authentificationTest@76a2ddf3]" started-at="2025-04-22T12:29:44 CEST" name="quit" finished-at="2025-04-22T12:29:45 CEST" duration-ms="146" status="PASS">
          <reporter-output>
          </reporter-output>
        </test-method> <!-- quit -->
        <test-method is-config="true" signature="quit()[pri:0, instance:test.authentificationTest@76a2ddf3]" started-at="2025-04-22T12:29:45 CEST" name="quit" finished-at="2025-04-22T12:29:45 CEST" duration-ms="0" status="PASS">
          <reporter-output>
          </reporter-output>
        </test-method> <!-- quit -->
        <test-method is-config="true" signature="fermetureReporter()[pri:0, instance:test.authentificationTest@76a2ddf3]" started-at="2025-04-22T12:29:45 CEST" name="fermetureReporter" finished-at="2025-04-22T12:29:45 CEST" duration-ms="217" status="PASS">
          <reporter-output>
          </reporter-output>
        </test-method> <!-- fermetureReporter -->
      </class> <!-- test.authentificationTest -->
    </test> <!-- Default test -->
  </suite> <!-- Default suite -->
</testng-results>
