<?xml version="1.0" encoding="UTF-8"?>
<!-- Generated by org.testng.reporters.JUnitXMLReporter -->
<testsuite ignored="0" hostname="DESKTOP-81AQJ9C" failures="0" tests="4" name="Login Test" time="4.376" errors="0" timestamp="2025-04-18T16:37:03 CEST">
  <testcase classname="test.sauceDemoTest" name="sauceDemoLogin" time="0.32"/>
  <testcase classname="test.sauceDemoTest" name="sauceDemosearch" time="0.147"/>
  <testcase classname="test.sauceDemoTest" name="sauceDemoAddProduct" time="0.706"/>
  <testcase classname="test.sauceDemoTest" name="sauceDemoLogout" time="0.7"/>
</testsuite> <!-- Login Test -->
