<?xml version="1.0" encoding="UTF-8"?>
<!-- Generated by org.testng.reporters.JUnitXMLReporter -->
<testsuite ignored="2" hostname="DESKTOP-81AQJ9C" failures="0" tests="8" name="Test Site Ecommerce" time="24.054" errors="0" timestamp="2025-04-21T16:19:44 CEST">
  <testcase classname="test.sauceDemoTest" name="sauceDemoLogin" time="0.599"/>
  <testcase classname="test.sauceDemoTest" name="sauceDemoAddProduct" time="0.913"/>
  <testcase classname="test.sauceDemoTest" name="sauceDemoLogout" time="0.799"/>
  <testcase classname="test.sauceDemoTest" name="sauceDemosearch" time="10.514"/>
  <testcase classname="test.authentificationTest" name="loginTest" time="0.412"/>
  <testcase classname="test.authentificationTest" name="loginTest" time="0.304"/>
  <testcase classname="test.authentificationTest" name="loginTest" time="0.352"/>
  <testcase classname="test.authentificationTest" name="quit" time="0.162"/>
  <testcase classname="test.baseTest" name="@BeforeSuite SetUpReporter" time="0.0">
    <ignored/>
  </testcase> <!-- @BeforeSuite SetUpReporter -->
  <testcase classname="test.baseTest" name="@AfterSuite fermetureReporter" time="0.0">
    <ignored/>
  </testcase> <!-- @AfterSuite fermetureReporter -->
</testsuite> <!-- Test Site Ecommerce -->
